#
# A fatal error has been detected by the Java Runtime Environment:
#
#  Internal Error (generateOopMap.cpp:2164), pid=6052, tid=14144
#  fatal error: Illegal class file encountered. Try running with -Xverify:all in method main
#
# JRE version: OpenJDK Runtime Environment (16.0.1+9) (build 16.0.1+9-24)
# Java VM: OpenJDK 64-Bit Server VM (16.0.1+9-24, mixed mode, tiered, compressed oops, compressed class ptrs, g1 gc, windows-amd64)
# No core dump will be written. Minidumps are not enabled by default on client versions of Windows
#
# If you would like to submit a bug report, please visit:
#   https://bugreport.java.com/bugreport/crash.jsp
#

---------------  S U M M A R Y ------------

Command Line: -XX:+ShowCodeDetailsInExceptionMessages -agentlib:jdwp=transport=dt_socket,suspend=y,address=localhost:61766 -javaagent:C:\Users\21276321\eclipse\configuration\org.eclipse.osgi\415\0\.cp\lib\javaagent-shaded.jar -Dfile.encoding=Cp1252 desfafioJokenpo2.NewGame

Host: Intel(R) Core(TM) i7-3770 CPU @ 3.40GHz, 8 cores, 15G,  Windows 10 , 64 bit Build 19041 (10.0.19041.292)
Time: Thu Sep 16 15:27:42 2021 Hora oficial do Brasil elapsed time: 3410.470437 seconds (0d 0h 56m 50s)

---------------  T H R E A D  ---------------

Current thread (0x0000019cf715df40):  VMThread "VM Thread" [stack: 0x0000006bb6700000,0x0000006bb6800000] [id=14144]

Stack: [0x0000006bb6700000,0x0000006bb6800000]
Native frames: (J=compiled Java code, j=interpreted, Vv=VM code, C=native code)
V  [jvm.dll+0x6687ca]
V  [jvm.dll+0x7ca3c9]
V  [jvm.dll+0x7cbb53]
V  [jvm.dll+0x7cc167]
V  [jvm.dll+0x242c03]
V  [jvm.dll+0x3312e9]
V  [jvm.dll+0x32e094]
V  [jvm.dll+0x32d27b]
V  [jvm.dll+0x32c627]
V  [jvm.dll+0x6572ce]
V  [jvm.dll+0x656fd3]
V  [jvm.dll+0x61c848]
V  [jvm.dll+0x7c1e55]
V  [jvm.dll+0x520b76]
V  [jvm.dll+0x7d05eb]
V  [jvm.dll+0x7d12e4]
V  [jvm.dll+0x7d17e9]
V  [jvm.dll+0x7d1aa4]
V  [jvm.dll+0x7d1b70]
V  [jvm.dll+0x779b4a]
V  [jvm.dll+0x667666]
C  [ucrtbase.dll+0x214c2]
C  [KERNEL32.DLL+0x16fd4]
C  [ntdll.dll+0x4cec1]

VM_Operation (0x0000006bb72ff170): get/set locals, mode: safepoint, requested by thread 0x0000019c939760f0


---------------  P R O C E S S  ---------------

Threads class SMR info:
_java_thread_list=0x0000019c93a3d580, length=15, elements={
0x0000019cf387e2e0, 0x0000019cff273830, 0x0000019cff274340, 0x0000019cff2bc990,
0x0000019cff2bd590, 0x0000019cff2c00a0, 0x0000019cff2c2ab0, 0x0000019cff2c4520,
0x0000019cff2d8bc0, 0x0000019cff2dba00, 0x0000019cf71271c0, 0x0000019c939760f0,
0x0000019cff549680, 0x0000019c93928660, 0x0000019c93a75d10
}

Java Threads: ( => current thread )
  0x0000019cf387e2e0 JavaThread "main" [_thread_blocked, id=7136, stack(0x0000006bb6100000,0x0000006bb6200000)]
  0x0000019cff273830 JavaThread "Reference Handler" daemon [_thread_blocked, id=11992, stack(0x0000006bb6800000,0x0000006bb6900000)]
  0x0000019cff274340 JavaThread "Finalizer" daemon [_thread_blocked, id=17648, stack(0x0000006bb6900000,0x0000006bb6a00000)]
  0x0000019cff2bc990 JavaThread "Signal Dispatcher" daemon [_thread_blocked, id=7956, stack(0x0000006bb6a00000,0x0000006bb6b00000)]
  0x0000019cff2bd590 JavaThread "Attach Listener" daemon [_thread_blocked, id=14840, stack(0x0000006bb6b00000,0x0000006bb6c00000)]
  0x0000019cff2c00a0 JavaThread "Service Thread" daemon [_thread_blocked, id=4648, stack(0x0000006bb6c00000,0x0000006bb6d00000)]
  0x0000019cff2c2ab0 JavaThread "Monitor Deflation Thread" daemon [_thread_blocked, id=19444, stack(0x0000006bb6d00000,0x0000006bb6e00000)]
  0x0000019cff2c4520 JavaThread "C2 CompilerThread0" daemon [_thread_blocked, id=10984, stack(0x0000006bb6e00000,0x0000006bb6f00000)]
  0x0000019cff2d8bc0 JavaThread "C1 CompilerThread0" daemon [_thread_blocked, id=18780, stack(0x0000006bb6f00000,0x0000006bb7000000)]
  0x0000019cff2dba00 JavaThread "Sweeper thread" daemon [_thread_blocked, id=6928, stack(0x0000006bb7000000,0x0000006bb7100000)]
  0x0000019cf71271c0 JavaThread "Common-Cleaner" daemon [_thread_blocked, id=2344, stack(0x0000006bb7100000,0x0000006bb7200000)]
  0x0000019c939760f0 JavaThread "JDWP Transport Listener: dt_socket" daemon [_thread_blocked, id=18416, stack(0x0000006bb7200000,0x0000006bb7300000)] _threads_hazard_ptr=0x0000019c93a3d580
  0x0000019cff549680 JavaThread "JDWP Event Helper Thread" daemon [_thread_blocked, id=14024, stack(0x0000006bb7300000,0x0000006bb7400000)]
  0x0000019c93928660 JavaThread "JDWP Command Reader" daemon [_thread_in_native, id=3552, stack(0x0000006bb7400000,0x0000006bb7500000)]
  0x0000019c93a75d10 JavaThread "Notification Thread" daemon [_thread_blocked, id=14404, stack(0x0000006bb7500000,0x0000006bb7600000)]

Other Threads:
=>0x0000019cf715df40 VMThread "VM Thread" [stack: 0x0000006bb6700000,0x0000006bb6800000] [id=14144]
  0x0000019c93a438b0 WatcherThread [stack: 0x0000006bb7600000,0x0000006bb7700000] [id=18116]
  0x0000019cf6f80a40 GCTaskThread "GC Thread#0" [stack: 0x0000006bb6200000,0x0000006bb6300000] [id=18224]
  0x0000019cf6f93690 ConcurrentGCThread "G1 Main Marker" [stack: 0x0000006bb6300000,0x0000006bb6400000] [id=12468]
  0x0000019cf38ada70 ConcurrentGCThread "G1 Conc#0" [stack: 0x0000006bb6400000,0x0000006bb6500000] [id=18872]
  0x0000019cf706c700 ConcurrentGCThread "G1 Refine#0" [stack: 0x0000006bb6500000,0x0000006bb6600000] [id=18592]
  0x0000019cf706e190 ConcurrentGCThread "G1 Service" [stack: 0x0000006bb6600000,0x0000006bb6700000] [id=15568]

Threads with active compile tasks:

VM state: at safepoint (normal execution)

VM Mutex/Monitor currently owned by a thread:  ([mutex/lock_event])
[0x0000019cf387a4c0] Threads_lock - owner thread: 0x0000019cf715df40

Heap address: 0x0000000700c00000, size: 4084 MB, Compressed Oops mode: Zero based, Oop shift amount: 3

CDS disabled.
Compressed class space mapped at: 0x0000000800000000-0x0000000840000000, reserved size: 1073741824
Narrow klass base: 0x0000000800000000, Narrow klass shift: 0, Narrow klass range: 0x40000000

GC Precious Log:
 CPUs: 8 total, 8 available
 Memory: 16331M
 Large Page Support: Disabled
 NUMA Support: Disabled
 Compressed Oops: Enabled (Zero based)
 Heap Region Size: 2M
 Heap Min Capacity: 8M
 Heap Initial Capacity: 256M
 Heap Max Capacity: 4084M
 Pre-touch: Disabled
 Parallel Workers: 8
 Concurrent Workers: 2
 Concurrent Refinement Workers: 8
 Periodic GC: Disabled

Heap:
 garbage-first heap   total 262144K, used 6144K [0x0000000700c00000, 0x0000000800000000)
  region size 2048K, 4 young (8192K), 0 survivors (0K)
 Metaspace       used 10122K, committed 10304K, reserved 1064960K
  class space    used 872K, committed 960K, reserved 1048576K

Heap Regions: E=young(eden), S=young(survivor), O=old, HS=humongous(starts), HC=humongous(continues), CS=collection set, F=free, OA=open archive, CA=closed archive, TAMS=top-at-mark-start (previous, next)
|   0|0x0000000700c00000, 0x0000000700c00000, 0x0000000700e00000|  0%| F|  |TAMS 0x0000000700c00000, 0x0000000700c00000| Untracked 
|   1|0x0000000700e00000, 0x0000000700e00000, 0x0000000701000000|  0%| F|  |TAMS 0x0000000700e00000, 0x0000000700e00000| Untracked 
|   2|0x0000000701000000, 0x0000000701000000, 0x0000000701200000|  0%| F|  |TAMS 0x0000000701000000, 0x0000000701000000| Untracked 
|   3|0x0000000701200000, 0x0000000701200000, 0x0000000701400000|  0%| F|  |TAMS 0x0000000701200000, 0x0000000701200000| Untracked 
|   4|0x0000000701400000, 0x0000000701400000, 0x0000000701600000|  0%| F|  |TAMS 0x0000000701400000, 0x0000000701400000| Untracked 
|   5|0x0000000701600000, 0x0000000701600000, 0x0000000701800000|  0%| F|  |TAMS 0x0000000701600000, 0x0000000701600000| Untracked 
|   6|0x0000000701800000, 0x0000000701800000, 0x0000000701a00000|  0%| F|  |TAMS 0x0000000701800000, 0x0000000701800000| Untracked 
|   7|0x0000000701a00000, 0x0000000701a00000, 0x0000000701c00000|  0%| F|  |TAMS 0x0000000701a00000, 0x0000000701a00000| Untracked 
|   8|0x0000000701c00000, 0x0000000701c00000, 0x0000000701e00000|  0%| F|  |TAMS 0x0000000701c00000, 0x0000000701c00000| Untracked 
|   9|0x0000000701e00000, 0x0000000701e00000, 0x0000000702000000|  0%| F|  |TAMS 0x0000000701e00000, 0x0000000701e00000| Untracked 
|  10|0x0000000702000000, 0x0000000702000000, 0x0000000702200000|  0%| F|  |TAMS 0x0000000702000000, 0x0000000702000000| Untracked 
|  11|0x0000000702200000, 0x0000000702200000, 0x0000000702400000|  0%| F|  |TAMS 0x0000000702200000, 0x0000000702200000| Untracked 
|  12|0x0000000702400000, 0x0000000702400000, 0x0000000702600000|  0%| F|  |TAMS 0x0000000702400000, 0x0000000702400000| Untracked 
|  13|0x0000000702600000, 0x0000000702600000, 0x0000000702800000|  0%| F|  |TAMS 0x0000000702600000, 0x0000000702600000| Untracked 
|  14|0x0000000702800000, 0x0000000702800000, 0x0000000702a00000|  0%| F|  |TAMS 0x0000000702800000, 0x0000000702800000| Untracked 
|  15|0x0000000702a00000, 0x0000000702a00000, 0x0000000702c00000|  0%| F|  |TAMS 0x0000000702a00000, 0x0000000702a00000| Untracked 
|  16|0x0000000702c00000, 0x0000000702c00000, 0x0000000702e00000|  0%| F|  |TAMS 0x0000000702c00000, 0x0000000702c00000| Untracked 
|  17|0x0000000702e00000, 0x0000000702e00000, 0x0000000703000000|  0%| F|  |TAMS 0x0000000702e00000, 0x0000000702e00000| Untracked 
|  18|0x0000000703000000, 0x0000000703000000, 0x0000000703200000|  0%| F|  |TAMS 0x0000000703000000, 0x0000000703000000| Untracked 
|  19|0x0000000703200000, 0x0000000703200000, 0x0000000703400000|  0%| F|  |TAMS 0x0000000703200000, 0x0000000703200000| Untracked 
|  20|0x0000000703400000, 0x0000000703400000, 0x0000000703600000|  0%| F|  |TAMS 0x0000000703400000, 0x0000000703400000| Untracked 
|  21|0x0000000703600000, 0x0000000703600000, 0x0000000703800000|  0%| F|  |TAMS 0x0000000703600000, 0x0000000703600000| Untracked 
|  22|0x0000000703800000, 0x0000000703800000, 0x0000000703a00000|  0%| F|  |TAMS 0x0000000703800000, 0x0000000703800000| Untracked 
|  23|0x0000000703a00000, 0x0000000703a00000, 0x0000000703c00000|  0%| F|  |TAMS 0x0000000703a00000, 0x0000000703a00000| Untracked 
|  24|0x0000000703c00000, 0x0000000703c00000, 0x0000000703e00000|  0%| F|  |TAMS 0x0000000703c00000, 0x0000000703c00000| Untracked 
|  25|0x0000000703e00000, 0x0000000703e00000, 0x0000000704000000|  0%| F|  |TAMS 0x0000000703e00000, 0x0000000703e00000| Untracked 
|  26|0x0000000704000000, 0x0000000704000000, 0x0000000704200000|  0%| F|  |TAMS 0x0000000704000000, 0x0000000704000000| Untracked 
|  27|0x0000000704200000, 0x0000000704200000, 0x0000000704400000|  0%| F|  |TAMS 0x0000000704200000, 0x0000000704200000| Untracked 
|  28|0x0000000704400000, 0x0000000704400000, 0x0000000704600000|  0%| F|  |TAMS 0x0000000704400000, 0x0000000704400000| Untracked 
|  29|0x0000000704600000, 0x0000000704600000, 0x0000000704800000|  0%| F|  |TAMS 0x0000000704600000, 0x0000000704600000| Untracked 
|  30|0x0000000704800000, 0x0000000704800000, 0x0000000704a00000|  0%| F|  |TAMS 0x0000000704800000, 0x0000000704800000| Untracked 
|  31|0x0000000704a00000, 0x0000000704a00000, 0x0000000704c00000|  0%| F|  |TAMS 0x0000000704a00000, 0x0000000704a00000| Untracked 
|  32|0x0000000704c00000, 0x0000000704c00000, 0x0000000704e00000|  0%| F|  |TAMS 0x0000000704c00000, 0x0000000704c00000| Untracked 
|  33|0x0000000704e00000, 0x0000000704e00000, 0x0000000705000000|  0%| F|  |TAMS 0x0000000704e00000, 0x0000000704e00000| Untracked 
|  34|0x0000000705000000, 0x0000000705000000, 0x0000000705200000|  0%| F|  |TAMS 0x0000000705000000, 0x0000000705000000| Untracked 
|  35|0x0000000705200000, 0x0000000705200000, 0x0000000705400000|  0%| F|  |TAMS 0x0000000705200000, 0x0000000705200000| Untracked 
|  36|0x0000000705400000, 0x0000000705400000, 0x0000000705600000|  0%| F|  |TAMS 0x0000000705400000, 0x0000000705400000| Untracked 
|  37|0x0000000705600000, 0x0000000705600000, 0x0000000705800000|  0%| F|  |TAMS 0x0000000705600000, 0x0000000705600000| Untracked 
|  38|0x0000000705800000, 0x0000000705800000, 0x0000000705a00000|  0%| F|  |TAMS 0x0000000705800000, 0x0000000705800000| Untracked 
|  39|0x0000000705a00000, 0x0000000705a00000, 0x0000000705c00000|  0%| F|  |TAMS 0x0000000705a00000, 0x0000000705a00000| Untracked 
|  40|0x0000000705c00000, 0x0000000705c00000, 0x0000000705e00000|  0%| F|  |TAMS 0x0000000705c00000, 0x0000000705c00000| Untracked 
|  41|0x0000000705e00000, 0x0000000705e00000, 0x0000000706000000|  0%| F|  |TAMS 0x0000000705e00000, 0x0000000705e00000| Untracked 
|  42|0x0000000706000000, 0x0000000706000000, 0x0000000706200000|  0%| F|  |TAMS 0x0000000706000000, 0x0000000706000000| Untracked 
|  43|0x0000000706200000, 0x0000000706200000, 0x0000000706400000|  0%| F|  |TAMS 0x0000000706200000, 0x0000000706200000| Untracked 
|  44|0x0000000706400000, 0x0000000706400000, 0x0000000706600000|  0%| F|  |TAMS 0x0000000706400000, 0x0000000706400000| Untracked 
|  45|0x0000000706600000, 0x0000000706600000, 0x0000000706800000|  0%| F|  |TAMS 0x0000000706600000, 0x0000000706600000| Untracked 
|  46|0x0000000706800000, 0x0000000706800000, 0x0000000706a00000|  0%| F|  |TAMS 0x0000000706800000, 0x0000000706800000| Untracked 
|  47|0x0000000706a00000, 0x0000000706a00000, 0x0000000706c00000|  0%| F|  |TAMS 0x0000000706a00000, 0x0000000706a00000| Untracked 
|  48|0x0000000706c00000, 0x0000000706c00000, 0x0000000706e00000|  0%| F|  |TAMS 0x0000000706c00000, 0x0000000706c00000| Untracked 
|  49|0x0000000706e00000, 0x0000000706e00000, 0x0000000707000000|  0%| F|  |TAMS 0x0000000706e00000, 0x0000000706e00000| Untracked 
|  50|0x0000000707000000, 0x0000000707000000, 0x0000000707200000|  0%| F|  |TAMS 0x0000000707000000, 0x0000000707000000| Untracked 
|  51|0x0000000707200000, 0x0000000707200000, 0x0000000707400000|  0%| F|  |TAMS 0x0000000707200000, 0x0000000707200000| Untracked 
|  52|0x0000000707400000, 0x0000000707400000, 0x0000000707600000|  0%| F|  |TAMS 0x0000000707400000, 0x0000000707400000| Untracked 
|  53|0x0000000707600000, 0x0000000707600000, 0x0000000707800000|  0%| F|  |TAMS 0x0000000707600000, 0x0000000707600000| Untracked 
|  54|0x0000000707800000, 0x0000000707800000, 0x0000000707a00000|  0%| F|  |TAMS 0x0000000707800000, 0x0000000707800000| Untracked 
|  55|0x0000000707a00000, 0x0000000707a00000, 0x0000000707c00000|  0%| F|  |TAMS 0x0000000707a00000, 0x0000000707a00000| Untracked 
|  56|0x0000000707c00000, 0x0000000707c00000, 0x0000000707e00000|  0%| F|  |TAMS 0x0000000707c00000, 0x0000000707c00000| Untracked 
|  57|0x0000000707e00000, 0x0000000707e00000, 0x0000000708000000|  0%| F|  |TAMS 0x0000000707e00000, 0x0000000707e00000| Untracked 
|  58|0x0000000708000000, 0x0000000708000000, 0x0000000708200000|  0%| F|  |TAMS 0x0000000708000000, 0x0000000708000000| Untracked 
|  59|0x0000000708200000, 0x0000000708200000, 0x0000000708400000|  0%| F|  |TAMS 0x0000000708200000, 0x0000000708200000| Untracked 
|  60|0x0000000708400000, 0x0000000708400000, 0x0000000708600000|  0%| F|  |TAMS 0x0000000708400000, 0x0000000708400000| Untracked 
|  61|0x0000000708600000, 0x0000000708600000, 0x0000000708800000|  0%| F|  |TAMS 0x0000000708600000, 0x0000000708600000| Untracked 
|  62|0x0000000708800000, 0x0000000708800000, 0x0000000708a00000|  0%| F|  |TAMS 0x0000000708800000, 0x0000000708800000| Untracked 
|  63|0x0000000708a00000, 0x0000000708a00000, 0x0000000708c00000|  0%| F|  |TAMS 0x0000000708a00000, 0x0000000708a00000| Untracked 
|  64|0x0000000708c00000, 0x0000000708c00000, 0x0000000708e00000|  0%| F|  |TAMS 0x0000000708c00000, 0x0000000708c00000| Untracked 
|  65|0x0000000708e00000, 0x0000000708e00000, 0x0000000709000000|  0%| F|  |TAMS 0x0000000708e00000, 0x0000000708e00000| Untracked 
|  66|0x0000000709000000, 0x0000000709000000, 0x0000000709200000|  0%| F|  |TAMS 0x0000000709000000, 0x0000000709000000| Untracked 
|  67|0x0000000709200000, 0x0000000709200000, 0x0000000709400000|  0%| F|  |TAMS 0x0000000709200000, 0x0000000709200000| Untracked 
|  68|0x0000000709400000, 0x0000000709400000, 0x0000000709600000|  0%| F|  |TAMS 0x0000000709400000, 0x0000000709400000| Untracked 
|  69|0x0000000709600000, 0x0000000709600000, 0x0000000709800000|  0%| F|  |TAMS 0x0000000709600000, 0x0000000709600000| Untracked 
|  70|0x0000000709800000, 0x0000000709800000, 0x0000000709a00000|  0%| F|  |TAMS 0x0000000709800000, 0x0000000709800000| Untracked 
|  71|0x0000000709a00000, 0x0000000709a00000, 0x0000000709c00000|  0%| F|  |TAMS 0x0000000709a00000, 0x0000000709a00000| Untracked 
|  72|0x0000000709c00000, 0x0000000709c00000, 0x0000000709e00000|  0%| F|  |TAMS 0x0000000709c00000, 0x0000000709c00000| Untracked 
|  73|0x0000000709e00000, 0x0000000709e00000, 0x000000070a000000|  0%| F|  |TAMS 0x0000000709e00000, 0x0000000709e00000| Untracked 
|  74|0x000000070a000000, 0x000000070a000000, 0x000000070a200000|  0%| F|  |TAMS 0x000000070a000000, 0x000000070a000000| Untracked 
|  75|0x000000070a200000, 0x000000070a200000, 0x000000070a400000|  0%| F|  |TAMS 0x000000070a200000, 0x000000070a200000| Untracked 
|  76|0x000000070a400000, 0x000000070a400000, 0x000000070a600000|  0%| F|  |TAMS 0x000000070a400000, 0x000000070a400000| Untracked 
|  77|0x000000070a600000, 0x000000070a600000, 0x000000070a800000|  0%| F|  |TAMS 0x000000070a600000, 0x000000070a600000| Untracked 
|  78|0x000000070a800000, 0x000000070a800000, 0x000000070aa00000|  0%| F|  |TAMS 0x000000070a800000, 0x000000070a800000| Untracked 
|  79|0x000000070aa00000, 0x000000070aa00000, 0x000000070ac00000|  0%| F|  |TAMS 0x000000070aa00000, 0x000000070aa00000| Untracked 
|  80|0x000000070ac00000, 0x000000070ac00000, 0x000000070ae00000|  0%| F|  |TAMS 0x000000070ac00000, 0x000000070ac00000| Untracked 
|  81|0x000000070ae00000, 0x000000070ae00000, 0x000000070b000000|  0%| F|  |TAMS 0x000000070ae00000, 0x000000070ae00000| Untracked 
|  82|0x000000070b000000, 0x000000070b000000, 0x000000070b200000|  0%| F|  |TAMS 0x000000070b000000, 0x000000070b000000| Untracked 
|  83|0x000000070b200000, 0x000000070b200000, 0x000000070b400000|  0%| F|  |TAMS 0x000000070b200000, 0x000000070b200000| Untracked 
|  84|0x000000070b400000, 0x000000070b400000, 0x000000070b600000|  0%| F|  |TAMS 0x000000070b400000, 0x000000070b400000| Untracked 
|  85|0x000000070b600000, 0x000000070b600000, 0x000000070b800000|  0%| F|  |TAMS 0x000000070b600000, 0x000000070b600000| Untracked 
|  86|0x000000070b800000, 0x000000070b800000, 0x000000070ba00000|  0%| F|  |TAMS 0x000000070b800000, 0x000000070b800000| Untracked 
|  87|0x000000070ba00000, 0x000000070ba00000, 0x000000070bc00000|  0%| F|  |TAMS 0x000000070ba00000, 0x000000070ba00000| Untracked 
|  88|0x000000070bc00000, 0x000000070bc00000, 0x000000070be00000|  0%| F|  |TAMS 0x000000070bc00000, 0x000000070bc00000| Untracked 
|  89|0x000000070be00000, 0x000000070be00000, 0x000000070c000000|  0%| F|  |TAMS 0x000000070be00000, 0x000000070be00000| Untracked 
|  90|0x000000070c000000, 0x000000070c000000, 0x000000070c200000|  0%| F|  |TAMS 0x000000070c000000, 0x000000070c000000| Untracked 
|  91|0x000000070c200000, 0x000000070c200000, 0x000000070c400000|  0%| F|  |TAMS 0x000000070c200000, 0x000000070c200000| Untracked 
|  92|0x000000070c400000, 0x000000070c400000, 0x000000070c600000|  0%| F|  |TAMS 0x000000070c400000, 0x000000070c400000| Untracked 
|  93|0x000000070c600000, 0x000000070c600000, 0x000000070c800000|  0%| F|  |TAMS 0x000000070c600000, 0x000000070c600000| Untracked 
|  94|0x000000070c800000, 0x000000070c800000, 0x000000070ca00000|  0%| F|  |TAMS 0x000000070c800000, 0x000000070c800000| Untracked 
|  95|0x000000070ca00000, 0x000000070ca00000, 0x000000070cc00000|  0%| F|  |TAMS 0x000000070ca00000, 0x000000070ca00000| Untracked 
|  96|0x000000070cc00000, 0x000000070cc00000, 0x000000070ce00000|  0%| F|  |TAMS 0x000000070cc00000, 0x000000070cc00000| Untracked 
|  97|0x000000070ce00000, 0x000000070ce00000, 0x000000070d000000|  0%| F|  |TAMS 0x000000070ce00000, 0x000000070ce00000| Untracked 
|  98|0x000000070d000000, 0x000000070d000000, 0x000000070d200000|  0%| F|  |TAMS 0x000000070d000000, 0x000000070d000000| Untracked 
|  99|0x000000070d200000, 0x000000070d200000, 0x000000070d400000|  0%| F|  |TAMS 0x000000070d200000, 0x000000070d200000| Untracked 
| 100|0x000000070d400000, 0x000000070d400000, 0x000000070d600000|  0%| F|  |TAMS 0x000000070d400000, 0x000000070d400000| Untracked 
| 101|0x000000070d600000, 0x000000070d600000, 0x000000070d800000|  0%| F|  |TAMS 0x000000070d600000, 0x000000070d600000| Untracked 
| 102|0x000000070d800000, 0x000000070d800000, 0x000000070da00000|  0%| F|  |TAMS 0x000000070d800000, 0x000000070d800000| Untracked 
| 103|0x000000070da00000, 0x000000070da00000, 0x000000070dc00000|  0%| F|  |TAMS 0x000000070da00000, 0x000000070da00000| Untracked 
| 104|0x000000070dc00000, 0x000000070dc00000, 0x000000070de00000|  0%| F|  |TAMS 0x000000070dc00000, 0x000000070dc00000| Untracked 
| 105|0x000000070de00000, 0x000000070de00000, 0x000000070e000000|  0%| F|  |TAMS 0x000000070de00000, 0x000000070de00000| Untracked 
| 106|0x000000070e000000, 0x000000070e000000, 0x000000070e200000|  0%| F|  |TAMS 0x000000070e000000, 0x000000070e000000| Untracked 
| 107|0x000000070e200000, 0x000000070e200000, 0x000000070e400000|  0%| F|  |TAMS 0x000000070e200000, 0x000000070e200000| Untracked 
| 108|0x000000070e400000, 0x000000070e400000, 0x000000070e600000|  0%| F|  |TAMS 0x000000070e400000, 0x000000070e400000| Untracked 
| 109|0x000000070e600000, 0x000000070e600000, 0x000000070e800000|  0%| F|  |TAMS 0x000000070e600000, 0x000000070e600000| Untracked 
| 110|0x000000070e800000, 0x000000070e800000, 0x000000070ea00000|  0%| F|  |TAMS 0x000000070e800000, 0x000000070e800000| Untracked 
| 111|0x000000070ea00000, 0x000000070ea00000, 0x000000070ec00000|  0%| F|  |TAMS 0x000000070ea00000, 0x000000070ea00000| Untracked 
| 112|0x000000070ec00000, 0x000000070ec00000, 0x000000070ee00000|  0%| F|  |TAMS 0x000000070ec00000, 0x000000070ec00000| Untracked 
| 113|0x000000070ee00000, 0x000000070ee00000, 0x000000070f000000|  0%| F|  |TAMS 0x000000070ee00000, 0x000000070ee00000| Untracked 
| 114|0x000000070f000000, 0x000000070f000000, 0x000000070f200000|  0%| F|  |TAMS 0x000000070f000000, 0x000000070f000000| Untracked 
| 115|0x000000070f200000, 0x000000070f200000, 0x000000070f400000|  0%| F|  |TAMS 0x000000070f200000, 0x000000070f200000| Untracked 
| 116|0x000000070f400000, 0x000000070f400000, 0x000000070f600000|  0%| F|  |TAMS 0x000000070f400000, 0x000000070f400000| Untracked 
| 117|0x000000070f600000, 0x000000070f600000, 0x000000070f800000|  0%| F|  |TAMS 0x000000070f600000, 0x000000070f600000| Untracked 
| 118|0x000000070f800000, 0x000000070f800000, 0x000000070fa00000|  0%| F|  |TAMS 0x000000070f800000, 0x000000070f800000| Untracked 
| 119|0x000000070fa00000, 0x000000070fa00000, 0x000000070fc00000|  0%| F|  |TAMS 0x000000070fa00000, 0x000000070fa00000| Untracked 
| 120|0x000000070fc00000, 0x000000070fc00000, 0x000000070fe00000|  0%| F|  |TAMS 0x000000070fc00000, 0x000000070fc00000| Untracked 
| 121|0x000000070fe00000, 0x000000070fe00000, 0x0000000710000000|  0%| F|  |TAMS 0x000000070fe00000, 0x000000070fe00000| Untracked 
| 122|0x0000000710000000, 0x0000000710000000, 0x0000000710200000|  0%| F|  |TAMS 0x0000000710000000, 0x0000000710000000| Untracked 
| 123|0x0000000710200000, 0x0000000710200000, 0x0000000710400000|  0%| F|  |TAMS 0x0000000710200000, 0x0000000710200000| Untracked 
| 124|0x0000000710400000, 0x0000000710555ef0, 0x0000000710600000| 66%| E|  |TAMS 0x0000000710400000, 0x0000000710400000| Complete 
| 125|0x0000000710600000, 0x0000000710800000, 0x0000000710800000|100%| E|CS|TAMS 0x0000000710600000, 0x0000000710600000| Complete 
| 126|0x0000000710800000, 0x0000000710a00000, 0x0000000710a00000|100%| E|CS|TAMS 0x0000000710800000, 0x0000000710800000| Complete 
| 127|0x0000000710a00000, 0x0000000710c00000, 0x0000000710c00000|100%| E|CS|TAMS 0x0000000710a00000, 0x0000000710a00000| Complete 

Card table byte_map: [0x0000019cf7960000,0x0000019cf8160000] _byte_map_base: 0x0000019cf415a000

Marking Bits (Prev, Next): (CMBitMap*) 0x0000019cf38ad0b0, (CMBitMap*) 0x0000019cf38ad0f0
 Prev Bits: [0x0000019cf8960000, 0x0000019cfc930000)
 Next Bits: [0x0000019c8f000000, 0x0000019c92fd0000)

Polling page: 0x0000019cf0c70000

Metaspace:

Usage:
  Non-class:      9.03 MB used.
      Class:    872.09 KB used.
       Both:      9.89 MB used.

Virtual space:
  Non-class space:       16.00 MB reserved,       9.12 MB ( 57%) committed,  2 nodes.
      Class space:        1.00 GB reserved,     960.00 KB ( <1%) committed,  1 nodes.
              Both:        1.02 GB reserved,      10.06 MB ( <1%) committed. 

Chunk freelists:
   Non-Class:  2.72 MB
       Class:  3.10 MB
        Both:  5.82 MB

MaxMetaspaceSize: 17179869184.00 GB
CompressedClassSpaceSize: 1.00 GB
 - commit_granule_bytes: 65536.
 - commit_granule_words: 8192.
 - virtual_space_node_default_size: 1048576.
 - enlarge_chunks_in_place: 1.
 - new_chunks_are_fully_committed: 0.
 - uncommit_free_chunks: 1.
 - use_allocation_guard: 0.
 - handle_deallocations: 1.


Internal statistics:

num_allocs_failed_limit: 0.
num_arena_births: 12.
num_arena_deaths: 0.
num_vsnodes_births: 3.
num_vsnodes_deaths: 0.
num_space_committed: 161.
num_space_uncommitted: 0.
num_chunks_returned_to_freelist: 0.
num_chunks_taken_from_freelist: 56.
num_chunk_merges: 0.
num_chunk_splits: 21.
num_chunks_enlarged: 12.
num_purges: 0.

CodeHeap 'non-profiled nmethods': size=120000Kb used=149Kb max_used=149Kb free=119851Kb
 bounds [0x0000019c87ad0000, 0x0000019c87d40000, 0x0000019c8f000000]
CodeHeap 'profiled nmethods': size=120000Kb used=631Kb max_used=631Kb free=119368Kb
 bounds [0x0000019c805a0000, 0x0000019c80810000, 0x0000019c87ad0000]
CodeHeap 'non-nmethods': size=5760Kb used=1209Kb max_used=1223Kb free=4550Kb
 bounds [0x0000019c80000000, 0x0000019c80270000, 0x0000019c805a0000]
 total_blobs=883 nmethods=466 adapters=330
 compilation: enabled
              stopped_count=0, restarted_count=0
 full_count=0

Compilation events (20 events):
Event: 0.485 Thread 0x0000019cff2d8bc0  455       3       java.util.regex.Pattern::has (15 bytes)
Event: 0.485 Thread 0x0000019cff2d8bc0 nmethod 455 0x0000019c8063b990 code [0x0000019c8063bb20, 0x0000019c8063bc98]
Event: 0.486 Thread 0x0000019cff2d8bc0  459       3       java.util.regex.ASCII::isAscii (13 bytes)
Event: 0.486 Thread 0x0000019cff2d8bc0 nmethod 459 0x0000019c8063bd10 code [0x0000019c8063bea0, 0x0000019c8063bff8]
Event: 0.486 Thread 0x0000019cff2d8bc0  460       3       java.util.regex.Pattern::peek (26 bytes)
Event: 0.486 Thread 0x0000019cff2d8bc0 nmethod 460 0x0000019c8063c090 code [0x0000019c8063c240, 0x0000019c8063c4c8]
Event: 0.486 Thread 0x0000019cff2d8bc0  461       3       java.util.regex.Pattern::next (33 bytes)
Event: 0.486 Thread 0x0000019cff2d8bc0 nmethod 461 0x0000019c8063c610 code [0x0000019c8063c7c0, 0x0000019c8063ca48]
Event: 0.486 Thread 0x0000019cff2d8bc0  462       3       java.util.regex.ASCII::toLower (16 bytes)
Event: 0.486 Thread 0x0000019cff2d8bc0 nmethod 462 0x0000019c8063cb90 code [0x0000019c8063cd40, 0x0000019c8063cf38]
Event: 0.486 Thread 0x0000019cff2d8bc0  463       3       java.util.regex.ASCII::isUpper (18 bytes)
Event: 0.486 Thread 0x0000019cff2d8bc0 nmethod 463 0x0000019c8063d010 code [0x0000019c8063d1a0, 0x0000019c8063d2f8]
Event: 4.614 Thread 0x0000019cff2d8bc0  464       3       java.lang.Character::isWhitespace (9 bytes)
Event: 4.614 Thread 0x0000019cff2d8bc0 nmethod 464 0x0000019c8063d390 code [0x0000019c8063d540, 0x0000019c8063d738]
Event: 1353.015 Thread 0x0000019cff2d8bc0  465       3       org.eclipse.jdt.launching.internal.org.objectweb.asm.SymbolTable::addConstantUtf8Reference (20 bytes)
Event: 1353.016 Thread 0x0000019cff2d8bc0 nmethod 465 0x0000019c8063d810 code [0x0000019c8063d9e0, 0x0000019c8063dca8]
Event: 3395.934 Thread 0x0000019cff2c4520  466       4       org.eclipse.jdt.launching.internal.org.objectweb.asm.ClassReader::getItem (7 bytes)
Event: 3395.937 Thread 0x0000019cff2c4520 

Event: 3395.937 Thread 0x0000019cff2c4520  467       4       java.lang.StringUTF16::compress (50 bytes)
Event: 3395.946 Thread 0x0000019cff2c4520 nmethod 467 0x0000019c87af4c10 code [0x0000019c87af4da0, 0x0000019c87af5298]

GC Heap History (0 events):
No events

Deoptimization events (20 events):
Event: 0.443 Thread 0x0000019cf387e2e0 DEOPT PACKING pc=0x0000019c806107e7 sp=0x0000006bb61f8010
Event: 0.443 Thread 0x0000019cf387e2e0 DEOPT UNPACKING pc=0x0000019c8004dece sp=0x0000006bb61f7478 mode 0
Event: 0.443 Thread 0x0000019cf387e2e0 DEOPT PACKING pc=0x0000019c806107e7 sp=0x0000006bb61f8010
Event: 0.443 Thread 0x0000019cf387e2e0 DEOPT UNPACKING pc=0x0000019c8004dece sp=0x0000006bb61f7478 mode 0
Event: 0.443 Thread 0x0000019cf387e2e0 DEOPT PACKING pc=0x0000019c806107e7 sp=0x0000006bb61f8010
Event: 0.443 Thread 0x0000019cf387e2e0 DEOPT UNPACKING pc=0x0000019c8004dece sp=0x0000006bb61f7478 mode 0
Event: 0.443 Thread 0x0000019cf387e2e0 DEOPT PACKING pc=0x0000019c806106fc sp=0x0000006bb61f8010
Event: 0.443 Thread 0x0000019cf387e2e0 DEOPT UNPACKING pc=0x0000019c8004dece sp=0x0000006bb61f7478 mode 0
Event: 0.473 Thread 0x0000019cf387e2e0 Uncommon trap: trap_request=0xffffff45 fr.pc=0x0000019c87ad8d68 relative=0x00000000000001c8
Event: 0.473 Thread 0x0000019cf387e2e0 Uncommon trap: reason=unstable_if action=reinterpret pc=0x0000019c87ad8d68 method=java.lang.String.isLatin1()Z @ 10 c2
Event: 0.473 Thread 0x0000019cf387e2e0 DEOPT PACKING pc=0x0000019c87ad8d68 sp=0x0000006bb61fcca0
Event: 0.473 Thread 0x0000019cf387e2e0 DEOPT UNPACKING pc=0x0000019c8004d72e sp=0x0000006bb61fcbd8 mode 2
Event: 0.473 Thread 0x0000019cf387e2e0 Uncommon trap: trap_request=0xffffff45 fr.pc=0x0000019c87add380 relative=0x0000000000000060
Event: 0.473 Thread 0x0000019cf387e2e0 Uncommon trap: reason=unstable_if action=reinterpret pc=0x0000019c87add380 method=java.lang.String.isLatin1()Z @ 10 c2
Event: 0.473 Thread 0x0000019cf387e2e0 DEOPT PACKING pc=0x0000019c87add380 sp=0x0000006bb61fcc30
Event: 0.473 Thread 0x0000019cf387e2e0 DEOPT UNPACKING pc=0x0000019c8004d72e sp=0x0000006bb61fcbd0 mode 2
Event: 0.481 Thread 0x0000019cf387e2e0 Uncommon trap: trap_request=0xffffff45 fr.pc=0x0000019c87ae2468 relative=0x0000000000000048
Event: 0.481 Thread 0x0000019cf387e2e0 Uncommon trap: reason=unstable_if action=reinterpret pc=0x0000019c87ae2468 method=java.lang.CharacterData.of(I)Ljava/lang/CharacterData; @ 4 c2
Event: 0.481 Thread 0x0000019cf387e2e0 DEOPT PACKING pc=0x0000019c87ae2468 sp=0x0000006bb61febf0
Event: 0.481 Thread 0x0000019cf387e2e0 DEOPT UNPACKING pc=0x0000019c8004d72e sp=0x0000006bb61feb90 mode 2

Classes unloaded (0 events):
No events

Classes redefined (4 events):
Event: 1353.016 Thread 0x0000019cf715df40 redefined class name=desfafioJokenpo2.NewGame, count=1
Event: 3373.547 Thread 0x0000019cf715df40 redefined class name=desfafioJokenpo2.NewGame, count=2
Event: 3395.935 Thread 0x0000019cf715df40 redefined class name=desfafioJokenpo2.NewGame, count=3
Event: 3406.833 Thread 0x0000019cf715df40 redefined class name=desfafioJokenpo2.NewGame, count=4

Internal exceptions (1 events):
Event: 0.409 Thread 0x0000019cf387e2e0 Exception <a 'java/lang/NoSuchMethodError'{0x000000071069ce10}: 'java.lang.Object java.lang.invoke.DirectMethodHandle$Holder.invokeStatic(java.lang.Object)'> (0x000000071069ce10) 
thrown [t:\workspace\open\src\hotspot\share\interpreter\linkResolver.cpp, line 790]

Events (20 events):
Event: 1353.025 Executing  VM operation: ChangeBreakpoints done
Event: 3373.546 Executing  VM operation: RedefineClasses
Event: 3373.548 Executing  VM operation: RedefineClasses done
Event: 3373.552 Executing  VM operation: ChangeBreakpoints
Event: 3373.552 Executing  VM operation: ChangeBreakpoints done
Event: 3373.555 Executing  VM operation: ChangeBreakpoints
Event: 3373.555 Executing  VM operation: ChangeBreakpoints done
Event: 3395.934 Executing  VM operation: RedefineClasses
Event: 3395.937 Executing  VM operation: RedefineClasses done
Event: 3395.941 Executing  VM operation: ChangeBreakpoints
Event: 3395.941 Executing  VM operation: ChangeBreakpoints done
Event: 3395.945 Executing  VM operation: ChangeBreakpoints
Event: 3395.945 Executing  VM operation: ChangeBreakpoints done
Event: 3406.833 Executing  VM operation: RedefineClasses
Event: 3406.835 Executing  VM operation: RedefineClasses done
Event: 3406.839 Executing  VM operation: ChangeBreakpoints
Event: 3406.839 Executing  VM operation: ChangeBreakpoints done
Event: 3406.843 Executing  VM operation: ChangeBreakpoints
Event: 3406.843 Executing  VM operation: ChangeBreakpoints done
Event: 3410.468 Executing  VM operation: get/set locals


Dynamic libraries:
0x00007ff613b80000 - 0x00007ff613b8e000 	C:\Users\21276321\eclipse\plugins\org.eclipse.justj.openjdk.hotspot.jre.full.win32.x86_64_16.0.1.v20210528-1205\jre\bin\javaw.exe
0x00007ff84f7f0000 - 0x00007ff84f9e5000 	C:\WINDOWS\SYSTEM32\ntdll.dll
0x00007ff84d850000 - 0x00007ff84d90d000 	C:\WINDOWS\System32\KERNEL32.DLL
0x00007ff84d210000 - 0x00007ff84d4d7000 	C:\WINDOWS\System32\KERNELBASE.dll
0x00007ff84d4e0000 - 0x00007ff84d5e0000 	C:\WINDOWS\System32\ucrtbase.dll
0x00007ff845a50000 - 0x00007ff845a68000 	C:\Users\21276321\eclipse\plugins\org.eclipse.justj.openjdk.hotspot.jre.full.win32.x86_64_16.0.1.v20210528-1205\jre\bin\jli.dll
0x00007ff849650000 - 0x00007ff849669000 	C:\Users\21276321\eclipse\plugins\org.eclipse.justj.openjdk.hotspot.jre.full.win32.x86_64_16.0.1.v20210528-1205\jre\bin\VCRUNTIME140.dll
0x00007ff84f190000 - 0x00007ff84f330000 	C:\WINDOWS\System32\USER32.dll
0x00007ff84cf30000 - 0x00007ff84cf52000 	C:\WINDOWS\System32\win32u.dll
0x00007ff84f140000 - 0x00007ff84f16a000 	C:\WINDOWS\System32\GDI32.dll
0x00007ff84d740000 - 0x00007ff84d849000 	C:\WINDOWS\System32\gdi32full.dll
0x00007ff84cfe0000 - 0x00007ff84d07d000 	C:\WINDOWS\System32\msvcp_win.dll
0x00007ff83e300000 - 0x00007ff83e59b000 	C:\WINDOWS\WinSxS\amd64_microsoft.windows.common-controls_6595b64144ccf1df_6.0.19041.488_none_ca04af081b815d21\COMCTL32.dll
0x00007ff84f710000 - 0x00007ff84f7ae000 	C:\WINDOWS\System32\msvcrt.dll
0x00007ff84f600000 - 0x00007ff84f630000 	C:\WINDOWS\System32\IMM32.DLL
0x00007ff844d60000 - 0x00007ff844f56000 	C:\WINDOWS\system32\tmumh\20019\AddOn\8.53.0.1046\TmUmEvt64.dll
0x00007ff84e6b0000 - 0x00007ff84e6b8000 	C:\WINDOWS\System32\PSAPI.DLL
0x00007ff84e600000 - 0x00007ff84e6aa000 	C:\WINDOWS\System32\ADVAPI32.dll
0x00007ff84dac0000 - 0x00007ff84db5b000 	C:\WINDOWS\System32\sechost.dll
0x00007ff84db60000 - 0x00007ff84dc84000 	C:\WINDOWS\System32\RPCRT4.dll
0x0000000052410000 - 0x000000005257e000 	C:\WINDOWS\system32\tmumh\20019\TmMon\2.8.0.1041\tmmon64.dll
0x00007ff84a3e0000 - 0x00007ff84a3ec000 	C:\Users\21276321\eclipse\plugins\org.eclipse.justj.openjdk.hotspot.jre.full.win32.x86_64_16.0.1.v20210528-1205\jre\bin\vcruntime140_1.dll
0x00007ff83c670000 - 0x00007ff83c701000 	C:\Users\21276321\eclipse\plugins\org.eclipse.justj.openjdk.hotspot.jre.full.win32.x86_64_16.0.1.v20210528-1205\jre\bin\msvcp140.dll
0x00007ff814700000 - 0x00007ff8152ab000 	C:\Users\21276321\eclipse\plugins\org.eclipse.justj.openjdk.hotspot.jre.full.win32.x86_64_16.0.1.v20210528-1205\jre\bin\server\jvm.dll
0x00007ff83c950000 - 0x00007ff83c959000 	C:\WINDOWS\SYSTEM32\WSOCK32.dll
0x00007ff84f4e0000 - 0x00007ff84f54b000 	C:\WINDOWS\System32\WS2_32.dll
0x00007ff83e6b0000 - 0x00007ff83e6d7000 	C:\WINDOWS\SYSTEM32\WINMM.dll
0x00007ff847ef0000 - 0x00007ff847efa000 	C:\WINDOWS\SYSTEM32\VERSION.dll
0x0000019cf0c60000 - 0x0000019cf0c63000 	C:\WINDOWS\system32\Sfc.dll
0x00007ff82fa90000 - 0x00007ff82faa2000 	C:\WINDOWS\SYSTEM32\sfc_os.DLL
0x00007ff84e830000 - 0x00007ff84ec97000 	C:\WINDOWS\System32\SETUPAPI.dll
0x00007ff84d690000 - 0x00007ff84d6dd000 	C:\WINDOWS\System32\cfgmgr32.dll
0x00007ff84d1e0000 - 0x00007ff84d207000 	C:\WINDOWS\System32\bcrypt.dll
0x00007ff84aeb0000 - 0x00007ff84aec3000 	C:\WINDOWS\SYSTEM32\kernel.appcore.dll
0x00007ff849670000 - 0x00007ff84967a000 	C:\Users\21276321\eclipse\plugins\org.eclipse.justj.openjdk.hotspot.jre.full.win32.x86_64_16.0.1.v20210528-1205\jre\bin\jimage.dll
0x00007ff83ec20000 - 0x00007ff83ee04000 	C:\WINDOWS\SYSTEM32\DBGHELP.DLL
0x00007ff83ebf0000 - 0x00007ff83ec1c000 	C:\WINDOWS\SYSTEM32\dbgcore.DLL
0x00007ff84cf60000 - 0x00007ff84cfdf000 	C:\WINDOWS\System32\bcryptPrimitives.dll
0x00007ff840cd0000 - 0x00007ff840d0b000 	C:\Users\21276321\eclipse\plugins\org.eclipse.justj.openjdk.hotspot.jre.full.win32.x86_64_16.0.1.v20210528-1205\jre\bin\jdwp.dll
0x00007ff84a3c0000 - 0x00007ff84a3ce000 	C:\Users\21276321\eclipse\plugins\org.eclipse.justj.openjdk.hotspot.jre.full.win32.x86_64_16.0.1.v20210528-1205\jre\bin\instrument.dll
0x00007ff8400f0000 - 0x00007ff840115000 	C:\Users\21276321\eclipse\plugins\org.eclipse.justj.openjdk.hotspot.jre.full.win32.x86_64_16.0.1.v20210528-1205\jre\bin\java.dll
0x00007ff840750000 - 0x00007ff840768000 	C:\Users\21276321\eclipse\plugins\org.eclipse.justj.openjdk.hotspot.jre.full.win32.x86_64_16.0.1.v20210528-1205\jre\bin\zip.dll
0x00007ff84deb0000 - 0x00007ff84e5f1000 	C:\WINDOWS\System32\SHELL32.dll
0x00007ff84b0b0000 - 0x00007ff84b843000 	C:\WINDOWS\SYSTEM32\windows.storage.dll
0x00007ff84ede0000 - 0x00007ff84f135000 	C:\WINDOWS\System32\combase.dll
0x00007ff84c930000 - 0x00007ff84c95c000 	C:\WINDOWS\SYSTEM32\Wldp.dll
0x00007ff84e780000 - 0x00007ff84e82e000 	C:\WINDOWS\System32\SHCORE.dll
0x00007ff84de50000 - 0x00007ff84dea5000 	C:\WINDOWS\System32\shlwapi.dll
0x00007ff84ce60000 - 0x00007ff84ce86000 	C:\WINDOWS\SYSTEM32\profapi.dll
0x00007ff84a3b0000 - 0x00007ff84a3bc000 	C:\Users\21276321\eclipse\plugins\org.eclipse.justj.openjdk.hotspot.jre.full.win32.x86_64_16.0.1.v20210528-1205\jre\bin\dt_socket.dll
0x00007ff84c3a0000 - 0x00007ff84c3db000 	C:\WINDOWS\SYSTEM32\IPHLPAPI.DLL
0x00007ff84c6b0000 - 0x00007ff84c71a000 	C:\WINDOWS\system32\mswsock.dll
0x00007ff84c3e0000 - 0x00007ff84c4ab000 	C:\WINDOWS\SYSTEM32\DNSAPI.dll
0x00007ff84ddb0000 - 0x00007ff84ddb9000 	C:\WINDOWS\System32\NSI.dll
0x00007ff846f70000 - 0x00007ff846f7a000 	C:\Windows\System32\rasadhlp.dll
0x00007ff847e60000 - 0x00007ff847edf000 	C:\WINDOWS\System32\fwpuclnt.dll
0x00007ff83fba0000 - 0x00007ff83fbb9000 	C:\Users\21276321\eclipse\plugins\org.eclipse.justj.openjdk.hotspot.jre.full.win32.x86_64_16.0.1.v20210528-1205\jre\bin\net.dll
0x00007ff847fa0000 - 0x00007ff8480a0000 	C:\WINDOWS\SYSTEM32\WINHTTP.dll
0x00007ff83fb80000 - 0x00007ff83fb93000 	C:\Users\21276321\eclipse\plugins\org.eclipse.justj.openjdk.hotspot.jre.full.win32.x86_64_16.0.1.v20210528-1205\jre\bin\nio.dll
0x00007ff84a570000 - 0x00007ff84a580000 	C:\Users\21276321\eclipse\plugins\org.eclipse.justj.openjdk.hotspot.jre.full.win32.x86_64_16.0.1.v20210528-1205\jre\bin\verify.dll

dbghelp: loaded successfully - version: 4.0.5 - missing functions: none
symbol engine: initialized successfully - sym options: 0x614 - pdb path: .;C:\Users\21276321\eclipse\plugins\org.eclipse.justj.openjdk.hotspot.jre.full.win32.x86_64_16.0.1.v20210528-1205\jre\bin;C:\WINDOWS\SYSTEM32;C:\WINDOWS\WinSxS\amd64_microsoft.windows.common-controls_6595b64144ccf1df_6.0.19041.488_none_ca04af081b815d21;C:\WINDOWS\system32\tmumh\20019\AddOn\8.53.0.1046;C:\WINDOWS\system32\tmumh\20019\TmMon\2.8.0.1041;C:\Users\21276321\eclipse\plugins\org.eclipse.justj.openjdk.hotspot.jre.full.win32.x86_64_16.0.1.v20210528-1205\jre\bin\server

VM Arguments:
jvm_args: -XX:+ShowCodeDetailsInExceptionMessages -agentlib:jdwp=transport=dt_socket,suspend=y,address=localhost:61766 -javaagent:C:\Users\21276321\eclipse\configuration\org.eclipse.osgi\415\0\.cp\lib\javaagent-shaded.jar -Dfile.encoding=Cp1252 
java_command: desfafioJokenpo2.NewGame
java_class_path (initial): C:\Users\21276321\eclipse-workspace\DesafioJokenpo2\bin
Launcher Type: SUN_STANDARD

[Global flags]
     intx CICompilerCount                          = 4                                         {product} {ergonomic}
     uint ConcGCThreads                            = 2                                         {product} {ergonomic}
     uint G1ConcRefinementThreads                  = 8                                         {product} {ergonomic}
   size_t G1HeapRegionSize                         = 2097152                                   {product} {ergonomic}
    uintx GCDrainStackTargetSize                   = 64                                        {product} {ergonomic}
   size_t InitialHeapSize                          = 268435456                                 {product} {ergonomic}
   size_t MarkStackSize                            = 4194304                                   {product} {ergonomic}
   size_t MaxHeapSize                              = 4282384384                                {product} {ergonomic}
   size_t MaxNewSize                               = 2569011200                                {product} {ergonomic}
   size_t MinHeapDeltaBytes                        = 2097152                                   {product} {ergonomic}
   size_t MinHeapSize                              = 8388608                                   {product} {ergonomic}
    uintx NonNMethodCodeHeapSize                   = 5839372                                {pd product} {ergonomic}
    uintx NonProfiledCodeHeapSize                  = 122909434                              {pd product} {ergonomic}
    uintx ProfiledCodeHeapSize                     = 122909434                              {pd product} {ergonomic}
    uintx ReservedCodeCacheSize                    = 251658240                              {pd product} {ergonomic}
     bool SegmentedCodeCache                       = true                                      {product} {ergonomic}
     bool ShowCodeDetailsInExceptionMessages       = true                                   {manageable} {command line}
   size_t SoftMaxHeapSize                          = 4282384384                             {manageable} {ergonomic}
     bool UseCompressedClassPointers               = true                           {product lp64_product} {ergonomic}
     bool UseCompressedOops                        = true                           {product lp64_product} {ergonomic}
     bool UseG1GC                                  = true                                      {product} {ergonomic}
     bool UseLargePagesIndividualAllocation        = false                                  {pd product} {ergonomic}

Logging:
Log output configuration:
 #0: stdout all=warning uptime,level,tags
 #1: stderr all=off uptime,level,tags

Environment Variables:
PATH=C:\Users\21276321\eclipse\plugins\org.eclipse.justj.openjdk.hotspot.jre.full.win32.x86_64_16.0.1.v20210528-1205\jre\bin;C:/Users/21276321/eclipse//plugins/org.eclipse.justj.openjdk.hotspot.jre.full.win32.x86_64_16.0.1.v20210528-1205/jre/bin/server;C:/Users/21276321/eclipse//plugins/org.eclipse.justj.openjdk.hotspot.jre.full.win32.x86_64_16.0.1.v20210528-1205/jre/bin;C:\Program Files (x86)\Common Files\Oracle\Java\javapath;C:\WINDOWS\system32;C:\WINDOWS;C:\WINDOWS\System32\Wbem;C:\WINDOWS\System32\WindowsPowerShell\v1.0\;C:\WINDOWS\System32\OpenSSH\;C:\Program Files (x86)\Brackets\command;C:\ProgramData\chocolatey\bin;C:\Program Files\Git\cmd;C:\Program Files\Microsoft VS Code\bin;C:\Program Files (x86)\PuTTY\;C:\Program Files\Java\jdk1.8.0_144\bin;C:\Program Files\nodejs\;C:\Users\21276321\AppData\Local\Microsoft\WindowsApps;;C:\Users\21276321\eclipse;
USERNAME=21276321
OS=Windows_NT
PROCESSOR_IDENTIFIER=Intel64 Family 6 Model 58 Stepping 9, GenuineIntel



---------------  S Y S T E M  ---------------

OS:
 Windows 10 , 64 bit Build 19041 (10.0.19041.292)
OS uptime: 3 days 2:23 hours

CPU: total 8 (initial active 8) (4 cores per cpu, 2 threads per core) family 6 model 58 stepping 9 microcode 0x21, cx8, cmov, fxsr, ht, mmx, sse, sse2, sse3, ssse3, sse4.1, sse4.2, popcnt, tsc, tscinvbit, avx, aes, erms, clmul, vzeroupper, clflush

Memory: 4k page, system-wide physical 16331M (9596M free)
TotalPageFile size 18763M (AvailPageFile size 4548M)
current process WorkingSet (physical memory assigned to process): 50M, peak: 53M
current process commit charge ("private bytes"): 347M, peak: 349M

vm_info: OpenJDK 64-Bit Server VM (16.0.1+9-24) for windows-amd64 JRE (16.0.1+9-24), built on Mar 26 2021 19:30:07 by "mach5one" with MS VC++ 16.7 (VS2019)

END.
